hello from the higher side
using Serial COM1 for debug out 
boot start
==init GDT, TSS==
gdt ptr = 0xffffffff80211000, tss ptr = 0xffffffff80211028 tss - gdt = 0x28
stack top = 0xffffffff80419000 end = 0xffffffff80415000 size = 0x4000
copied GDT tss to 0xffffffff80414170
==Reloaded GDT, Loaded TSS==
registered interupt handler for [33] at 0xffffffff8020ddea
registered interupt handler for [32] at 0xffffffff8020dbc0
registered interupt handler for [105] at 0xffffffff8020c161
interupts initialized
==boot initial phase complete==

CPUID available = YES
==Parsing Multiboot2 Header==
Unhandled Multiboot Tag: 10
Found Multiboot Module at 0x427000. Total: 1
Unhandled Multiboot Tag: 9
Unhandled Multiboot Tag: 5
found VBE
fb @ 0xfc000000 h= 768 p= 4096 
===MULTIBOOT_TAG_TYPE_ACPI_OLD===
==parsed mb2 header==
boot info: BIOS [GRUB 2.12] cmdline='dbg=1 serial=1 hackz=1337' kernel_base=0x200000

==PMM Init==
Available Memory Region [0]:{ @0x0 - 0x9fc00 } size 0x9fc00 [0 MiB] 
Available Memory Region [3]:{ @0x100000 - 0xbffe0000 } size 0xbfee0000 [3070 MiB] 
Available Memory Region [7]:{ @0x100000000 - 0x240000000 } size 0x140000000 [5120 MiB] 
Total Memory:
    8388095 KiB  /  8191 MiB  /  7 GiB
 Total Pages: 4095 

for region 0x0 - 0x9fc00 there are 0 pages (r 639 kb) to set free
for region 0x100000 - 0xbffe0000 there are 1535 pages (r 896 kb) to set free
aligned start 0x200000 - aligned end 0xbfe00000 (1 1) 
for region 0x100000000 - 0x240000000 there are 2560 pages (r 0 kb) to set free
marking from kernel start 0xffffffff80200000 to kernel end 0xffffffff80427000 as used
mark region used: 0xffffffff80200000 - 0xffffffff80427000
marking from 0xffffffff80200000 - 0xffffffff8044e000 as used, total pages = 1
mark region used: 0x0 - 0x1427000
marking from 0x0 - 0x144e000 as used, total pages = 10
==PMM End==
mark region used: 0x427000 - 0x1283f0c
marking from 0x400000 - 0x12b9e18 as used, total pages = 7
mark region used: 0xfc000000 - 0xfc300000
marking from 0xfc000000 - 0xfc400000 as used, total pages = 2
pmm_kalloc(0x400000): found space for 2 pages at 0x1400000
map_phys_addr():  0x1400000 -> 0xffffffff81400000 | 2 pages 
Extended VA: : 0xffffffff81400000 
idx for VA: 0xffffffff81400000 [0b1111 1111 1111 1111 1111 1111 1111 1111 1000 0001 0100 0000 0000 0000 0000 0000 ] 
p4 idx : 511 
p3 idx : 510 
p2 idx : 10 
p1 idx : 0 
 p4 =511  p3 = 510 p2 = 10 p1 = 0 
 p4 =511  p3 = 510 p2 = 10 p1 = 0 
initial p3 = 0x41f000 p4 = 0x41b000 
we have: p3 = 0x41f000 p2 = 0x41e000 
entry 0 @ 0x41e280 = 0x1400083 
 0b0000 0000 0000 0000 0000 0000 0000 0000 0000 0001 0100 0000 0000 0000 1000 0011 
entry 1 @ 0x41e2c0 = 0x1600083 
 0b0000 0000 0000 0000 0000 0000 0000 0000 0000 0001 0110 0000 0000 0000 1000 0011 
==flushed TLB==
invalidated: 0xffffffff81400000 
page allocator ready
unmapping initial identity
invalidated: 0x0 
alloc new page table at 0x7ff81400000, index now 1 
Extended VA: : 0xfc000000 
idx for VA: 0xfc000000 [0b0000 0000 0000 0000 0000 0000 0000 0000 1111 1100 0000 0000 0000 0000 0000 0000 ] 
p4 idx : 0 
p3 idx : 3 
p2 idx : 480 
p1 idx : 0 
 p4 =0  p3 = 3 p2 = 480 p1 = 0 
 p4 =0  p3 = 3 p2 = 480 p1 = 0 
mapping virtual : 0xfc000000 
mapping physical : 0xfc000000 
pages = : 2 
